<?xml version="1.0" encoding="UTF-8"?>
<testsuite name="cn.tedu.sb.SbApplicationTests" time="0.009" tests="1" errors="1" skipped="0" failures="0">
  <properties>
[...]
</properties>
  <testcase name="initializationError" classname="cn.tedu.sb.SbApplicationTests" time="0.009">
    <error message="Unable to find a @SpringBootConfiguration, you need to use @ContextConfiguration or @SpringBootTest(classes=...) with your test" type="java.lang.IllegalStateException"><![CDATA[java.lang.IllegalStateException: Unable to find a @SpringBootConfiguration, you need to use @ContextConfiguration or @SpringBootTest(classes=...) with your test
	at org.springframework.util.Assert.state(Assert.java:70)
	at org.springframework.boot.test.context.SpringBootTestContextBootstrapper.getOrFindConfigurationClasses(SpringBootTestContextBootstrapper.java:202)
	at org.springframework.boot.test.context.SpringBootTestContextBootstrapper.processMergedContextConfiguration(SpringBootTestContextBootstrapper.java:137)
	at org.springframework.test.context.support.AbstractTestContextBootstrapper.buildMergedContextConfiguration(AbstractTestContextBootstrapper.java:409)
	at org.springframework.test.context.support.AbstractTestContextBootstrapper.buildDefaultMergedContextConfiguration(AbstractTestContextBootstrapper.java:323)
	at org.springframework.test.context.support.AbstractTestContextBootstrapper.buildMergedContextConfiguration(AbstractTestContextBootstrapper.java:277)
	at org.springframework.test.context.support.AbstractTestContextBootstrapper.buildTestContext(AbstractTestContextBootstrapper.java:112)
	at org.springframework.boot.test.context.SpringBootTestContextBootstrapper.buildTestContext(SpringBootTestContextBootstrapper.java:82)
	at org.springframework.test.context.TestContextManager.<init>(TestContextManager.java:120)
	at org.springframework.test.context.TestContextManager.<init>(TestContextManager.java:105)
	at org.springframework.test.context.junit4.SpringJUnit4ClassRunner.createTestContextManager(SpringJUnit4ClassRunner.java:152)
	at org.springframework.test.context.junit4.SpringJUnit4ClassRunner.<init>(SpringJUnit4ClassRunner.java:143)
	at org.springframework.test.context.junit4.SpringRunner.<init>(SpringRunner.java:49)
	at sun.reflect.NativeConstructorAccessorImpl.newInstance0(Native Method)
	at sun.reflect.NativeConstructorAccessorImpl.newInstance(NativeConstructorAccessorImpl.java:62)
	at sun.reflect.DelegatingConstructorAccessorImpl.newInstance(DelegatingConstructorAccessorImpl.java:45)
	at java.lang.reflect.Constructor.newInstance(Constructor.java:422)
	at org.junit.internal.builders.AnnotatedBuilder.buildRunner(AnnotatedBuilder.java:104)
	at org.junit.internal.builders.AnnotatedBuilder.runnerForClass(AnnotatedBuilder.java:86)
	at org.junit.runners.model.RunnerBuilder.safeRunnerForClass(RunnerBuilder.java:59)
	at org.junit.internal.builders.AllDefaultPossibilitiesBuilder.runnerForClass(AllDefaultPossibilitiesBuilder.java:26)
	at org.junit.runners.model.RunnerBuilder.safeRunnerForClass(RunnerBuilder.java:59)
	at org.junit.internal.requests.ClassRequest.getRunner(ClassRequest.java:33)
	at org.apache.maven.surefire.junit4.JUnit4Provider.execute(JUnit4Provider.java:283)
	at org.apache.maven.surefire.junit4.JUnit4Provider.executeWithRerun(JUnit4Provider.java:173)
	at org.apache.maven.surefire.junit4.JUnit4Provider.executeTestSet(JUnit4Provider.java:153)
	at org.apache.maven.surefire.junit4.JUnit4Provider.invoke(JUnit4Provider.java:128)
	at org.apache.maven.surefire.booter.ForkedBooter.invokeProviderInSameClassLoader(ForkedBooter.java:203)
	at org.apache.maven.surefire.booter.ForkedBooter.runSuitesInProcess(ForkedBooter.java:155)
	at org.apache.maven.surefire.booter.ForkedBooter.main(ForkedBooter.java:103)
]]></error>
    <system-out><![CDATA[11:52:34.968 [main] DEBUG org.springframework.test.context.junit4.SpringJUnit4ClassRunner - SpringJUnit4ClassRunner constructor called with [class cn.tedu.sb.SbApplicationTests]
11:52:34.975 [main] DEBUG org.springframework.test.context.BootstrapUtils - Instantiating CacheAwareContextLoaderDelegate from class [org.springframework.test.context.cache.DefaultCacheAwareContextLoaderDelegate]
11:52:34.986 [main] DEBUG org.springframework.test.context.BootstrapUtils - Instantiating BootstrapContext using constructor [public org.springframework.test.context.support.DefaultBootstrapContext(java.lang.Class,org.springframework.test.context.CacheAwareContextLoaderDelegate)]
11:52:35.008 [main] DEBUG org.springframework.test.context.BootstrapUtils - Instantiating TestContextBootstrapper for test class [cn.tedu.sb.SbApplicationTests] from class [org.springframework.boot.test.context.SpringBootTestContextBootstrapper]
11:52:35.024 [main] INFO org.springframework.boot.test.context.SpringBootTestContextBootstrapper - Neither @ContextConfiguration nor @ContextHierarchy found for test class [cn.tedu.sb.SbApplicationTests], using SpringBootContextLoader
11:52:35.029 [main] DEBUG org.springframework.test.context.support.AbstractContextLoader - Did not detect default resource location for test class [cn.tedu.sb.SbApplicationTests]: class path resource [cn/tedu/sb/SbApplicationTests-context.xml] does not exist
11:52:35.029 [main] DEBUG org.springframework.test.context.support.AbstractContextLoader - Did not detect default resource location for test class [cn.tedu.sb.SbApplicationTests]: class path resource [cn/tedu/sb/SbApplicationTestsContext.groovy] does not exist
11:52:35.029 [main] INFO org.springframework.test.context.support.AbstractContextLoader - Could not detect default resource locations for test class [cn.tedu.sb.SbApplicationTests]: no resource found for suffixes {-context.xml, Context.groovy}.
11:52:35.030 [main] INFO org.springframework.test.context.support.AnnotationConfigContextLoaderUtils - Could not detect default configuration classes for test class [cn.tedu.sb.SbApplicationTests]: SbApplicationTests does not declare any static, non-private, non-final, nested classes annotated with @Configuration.
11:52:35.092 [main] DEBUG org.springframework.test.context.support.ActiveProfilesUtils - Could not find an 'annotation declaring class' for annotation type [org.springframework.test.context.ActiveProfiles] and class [cn.tedu.sb.SbApplicationTests]
11:52:35.104 [main] DEBUG org.springframework.core.env.StandardEnvironment - Adding [systemProperties] PropertySource with lowest search precedence
11:52:35.106 [main] DEBUG org.springframework.core.env.StandardEnvironment - Adding [systemEnvironment] PropertySource with lowest search precedence
11:52:35.106 [main] DEBUG org.springframework.core.env.StandardEnvironment - Initialized StandardEnvironment with PropertySources [systemProperties,systemEnvironment]
11:52:35.120 [main] DEBUG org.springframework.core.io.support.PathMatchingResourcePatternResolver - Resolved classpath location [cn/tedu/sb/] to resources [URL [file:/E:/springbootspace/1806hello/target/test-classes/cn/tedu/sb/]]
11:52:35.120 [main] DEBUG org.springframework.core.io.support.PathMatchingResourcePatternResolver - Looking for matching resources in directory tree [E:\springbootspace\1806hello\target\test-classes\cn\tedu\sb]
11:52:35.120 [main] DEBUG org.springframework.core.io.support.PathMatchingResourcePatternResolver - Searching directory [E:\springbootspace\1806hello\target\test-classes\cn\tedu\sb] for files matching pattern [E:/springbootspace/1806hello/target/test-classes/cn/tedu/sb/*.class]
11:52:35.123 [main] DEBUG org.springframework.core.io.support.PathMatchingResourcePatternResolver - Resolved location pattern [classpath*:cn/tedu/sb/*.class] to resources [file [E:\springbootspace\1806hello\target\test-classes\cn\tedu\sb\SbApplicationTests.class]]
11:52:35.144 [main] DEBUG org.springframework.core.io.support.PathMatchingResourcePatternResolver - Resolved classpath location [cn/tedu/] to resources [URL [file:/E:/springbootspace/1806hello/target/test-classes/cn/tedu/]]
11:52:35.146 [main] DEBUG org.springframework.core.io.support.PathMatchingResourcePatternResolver - Looking for matching resources in directory tree [E:\springbootspace\1806hello\target\test-classes\cn\tedu]
11:52:35.146 [main] DEBUG org.springframework.core.io.support.PathMatchingResourcePatternResolver - Searching directory [E:\springbootspace\1806hello\target\test-classes\cn\tedu] for files matching pattern [E:/springbootspace/1806hello/target/test-classes/cn/tedu/*.class]
11:52:35.146 [main] DEBUG org.springframework.core.io.support.PathMatchingResourcePatternResolver - Resolved location pattern [classpath*:cn/tedu/*.class] to resources []
11:52:35.147 [main] DEBUG org.springframework.core.io.support.PathMatchingResourcePatternResolver - Resolved classpath location [cn/] to resources [URL [file:/E:/springbootspace/1806hello/target/test-classes/cn/]]
11:52:35.147 [main] DEBUG org.springframework.core.io.support.PathMatchingResourcePatternResolver - Looking for matching resources in directory tree [E:\springbootspace\1806hello\target\test-classes\cn]
11:52:35.147 [main] DEBUG org.springframework.core.io.support.PathMatchingResourcePatternResolver - Searching directory [E:\springbootspace\1806hello\target\test-classes\cn] for files matching pattern [E:/springbootspace/1806hello/target/test-classes/cn/*.class]
11:52:35.148 [main] DEBUG org.springframework.core.io.support.PathMatchingResourcePatternResolver - Resolved location pattern [classpath*:cn/*.class] to resources []
11:52:35.154 [main] DEBUG org.springframework.test.context.junit4.SpringJUnit4ClassRunner - SpringJUnit4ClassRunner constructor called with [class cn.tedu.sb.SbApplicationTests]
11:52:35.155 [main] DEBUG org.springframework.test.context.BootstrapUtils - Instantiating CacheAwareContextLoaderDelegate from class [org.springframework.test.context.cache.DefaultCacheAwareContextLoaderDelegate]
11:52:35.155 [main] DEBUG org.springframework.test.context.BootstrapUtils - Instantiating BootstrapContext using constructor [public org.springframework.test.context.support.DefaultBootstrapContext(java.lang.Class,org.springframework.test.context.CacheAwareContextLoaderDelegate)]
11:52:35.155 [main] DEBUG org.springframework.test.context.BootstrapUtils - Instantiating TestContextBootstrapper for test class [cn.tedu.sb.SbApplicationTests] from class [org.springframework.boot.test.context.SpringBootTestContextBootstrapper]
11:52:35.156 [main] INFO org.springframework.boot.test.context.SpringBootTestContextBootstrapper - Neither @ContextConfiguration nor @ContextHierarchy found for test class [cn.tedu.sb.SbApplicationTests], using SpringBootContextLoader
11:52:35.156 [main] DEBUG org.springframework.test.context.support.AbstractContextLoader - Did not detect default resource location for test class [cn.tedu.sb.SbApplicationTests]: class path resource [cn/tedu/sb/SbApplicationTests-context.xml] does not exist
11:52:35.157 [main] DEBUG org.springframework.test.context.support.AbstractContextLoader - Did not detect default resource location for test class [cn.tedu.sb.SbApplicationTests]: class path resource [cn/tedu/sb/SbApplicationTestsContext.groovy] does not exist
11:52:35.157 [main] INFO org.springframework.test.context.support.AbstractContextLoader - Could not detect default resource locations for test class [cn.tedu.sb.SbApplicationTests]: no resource found for suffixes {-context.xml, Context.groovy}.
11:52:35.157 [main] INFO org.springframework.test.context.support.AnnotationConfigContextLoaderUtils - Could not detect default configuration classes for test class [cn.tedu.sb.SbApplicationTests]: SbApplicationTests does not declare any static, non-private, non-final, nested classes annotated with @Configuration.
11:52:35.161 [main] DEBUG org.springframework.test.context.support.ActiveProfilesUtils - Could not find an 'annotation declaring class' for annotation type [org.springframework.test.context.ActiveProfiles] and class [cn.tedu.sb.SbApplicationTests]
11:52:35.161 [main] DEBUG org.springframework.core.env.StandardEnvironment - Adding [systemProperties] PropertySource with lowest search precedence
11:52:35.162 [main] DEBUG org.springframework.core.env.StandardEnvironment - Adding [systemEnvironment] PropertySource with lowest search precedence
11:52:35.162 [main] DEBUG org.springframework.core.env.StandardEnvironment - Initialized StandardEnvironment with PropertySources [systemProperties,systemEnvironment]
11:52:35.162 [main] DEBUG org.springframework.core.io.support.PathMatchingResourcePatternResolver - Resolved classpath location [cn/tedu/sb/] to resources [URL [file:/E:/springbootspace/1806hello/target/test-classes/cn/tedu/sb/]]
11:52:35.162 [main] DEBUG org.springframework.core.io.support.PathMatchingResourcePatternResolver - Looking for matching resources in directory tree [E:\springbootspace\1806hello\target\test-classes\cn\tedu\sb]
11:52:35.162 [main] DEBUG org.springframework.core.io.support.PathMatchingResourcePatternResolver - Searching directory [E:\springbootspace\1806hello\target\test-classes\cn\tedu\sb] for files matching pattern [E:/springbootspace/1806hello/target/test-classes/cn/tedu/sb/*.class]
11:52:35.163 [main] DEBUG org.springframework.core.io.support.PathMatchingResourcePatternResolver - Resolved location pattern [classpath*:cn/tedu/sb/*.class] to resources [file [E:\springbootspace\1806hello\target\test-classes\cn\tedu\sb\SbApplicationTests.class]]
11:52:35.177 [main] DEBUG org.springframework.core.io.support.PathMatchingResourcePatternResolver - Resolved classpath location [cn/tedu/] to resources [URL [file:/E:/springbootspace/1806hello/target/test-classes/cn/tedu/]]
11:52:35.177 [main] DEBUG org.springframework.core.io.support.PathMatchingResourcePatternResolver - Looking for matching resources in directory tree [E:\springbootspace\1806hello\target\test-classes\cn\tedu]
11:52:35.178 [main] DEBUG org.springframework.core.io.support.PathMatchingResourcePatternResolver - Searching directory [E:\springbootspace\1806hello\target\test-classes\cn\tedu] for files matching pattern [E:/springbootspace/1806hello/target/test-classes/cn/tedu/*.class]
11:52:35.178 [main] DEBUG org.springframework.core.io.support.PathMatchingResourcePatternResolver - Resolved location pattern [classpath*:cn/tedu/*.class] to resources []
11:52:35.179 [main] DEBUG org.springframework.core.io.support.PathMatchingResourcePatternResolver - Resolved classpath location [cn/] to resources [URL [file:/E:/springbootspace/1806hello/target/test-classes/cn/]]
11:52:35.179 [main] DEBUG org.springframework.core.io.support.PathMatchingResourcePatternResolver - Looking for matching resources in directory tree [E:\springbootspace\1806hello\target\test-classes\cn]
11:52:35.179 [main] DEBUG org.springframework.core.io.support.PathMatchingResourcePatternResolver - Searching directory [E:\springbootspace\1806hello\target\test-classes\cn] for files matching pattern [E:/springbootspace/1806hello/target/test-classes/cn/*.class]
11:52:35.179 [main] DEBUG org.springframework.core.io.support.PathMatchingResourcePatternResolver - Resolved location pattern [classpath*:cn/*.class] to resources []
]]></system-out>
  </testcase>
</testsuite>